2024-01-28 09:26:39,025 [INFO] Activator:176 - 


2024-01-28 09:26:39,031 [INFO] Activator:177 - !SESSION log4j initialized
2024-01-28 09:26:42,358 [INFO] LogOutputStream:77 - [STDOUT_REDIRECT] 
2024-01-28 09:26:43,630 [INFO] ApplicationProperties:184 - Using Application install path: C:\ST\STM32CubeIDE_1.14.0\STM32CubeIDE\plugins\com.st.stm32cube.common.mx_6.10.0.202311202037
2024-01-28 09:26:43,645 [INFO] DbMcusXml:78 - Set database path to: C:\ST\STM32CubeIDE_1.14.0\STM32CubeIDE\plugins\com.st.stm32cube.common.mx_6.10.0.202311202037\\db\/mcu/
2024-01-28 09:26:43,645 [INFO] ApiDb:274 - Set plugin database path to: C:\ST\STM32CubeIDE_1.14.0\STM32CubeIDE\plugins\com.st.stm32cube.common.mx_6.10.0.202311202037\\db\/plugins/boardmanager/
2024-01-28 09:26:43,657 [WARN] ApiDb:259 - Overriding images path with different value:  => C:\ST\STM32CubeIDE_1.14.0\STM32CubeIDE\plugins\com.st.stm32cube.common.mx_6.10.0.202311202037\\db\/plugins/mcufinder/images/
2024-01-28 09:26:43,662 [INFO] ApiDb:250 - Set database path to: C:\Users\User\.stmcufinder\plugins\mcufinder//mcu/
2024-01-28 09:26:43,663 [INFO] DbMcusAds:125 - Set database path to: C:\Users\User\.stmcufinder\plugins\mcufinder//mcu/
2024-01-28 09:26:43,665 [INFO] CrossReferenceDbSqlite:203 - Set database path to: C:\Users\User\.stmcufinder\plugins\mcufinder//mcu/cs/
2024-01-28 09:26:43,789 [INFO] RulesReader:64 - Compatibility file has been processed (297 Rules)
2024-01-28 09:26:43,876 [INFO] DbMcusXml:78 - Set database path to: C:\ST\STM32CubeIDE_1.14.0\STM32CubeIDE\plugins\com.st.stm32cube.common.mx_6.10.0.202311202037\\db\/mcu/
2024-01-28 09:26:43,876 [INFO] ApiDb:274 - Set plugin database path to: C:\ST\STM32CubeIDE_1.14.0\STM32CubeIDE\plugins\com.st.stm32cube.common.mx_6.10.0.202311202037\\db\/plugins/boardmanager/
2024-01-28 09:26:43,876 [INFO] ApiDb:261 - Set plugin images path to: C:\ST\STM32CubeIDE_1.14.0\STM32CubeIDE\plugins\com.st.stm32cube.common.mx_6.10.0.202311202037\\db\/plugins/mcufinder/images/
2024-01-28 09:26:43,876 [WARN] DbFile:41 - Overriding database path with different value: C:\Users\User\.stmcufinder\plugins\mcufinder/ => C:\Users\User\.stmcufinder\plugins\mcufinder
2024-01-28 09:26:43,876 [INFO] ApiDb:250 - Set database path to: C:\Users\User\.stmcufinder\plugins\mcufinder//mcu/
2024-01-28 09:26:43,877 [WARN] DbFile:41 - Overriding database path with different value: C:\Users\User\.stmcufinder\plugins\mcufinder/ => C:\Users\User\.stmcufinder\plugins\mcufinder
2024-01-28 09:26:43,877 [INFO] DbMcusAds:125 - Set database path to: C:\Users\User\.stmcufinder\plugins\mcufinder//mcu/
2024-01-28 09:26:43,877 [WARN] DbFile:41 - Overriding database path with different value: C:\Users\User\.stmcufinder\plugins\mcufinder/ => C:\Users\User\.stmcufinder\plugins\mcufinder
2024-01-28 09:26:43,877 [WARN] DbFile:41 - Overriding database path with different value: C:\Users\User\.stmcufinder\plugins\mcufinder/ => C:\Users\User\.stmcufinder\plugins\mcufinder
2024-01-28 09:26:43,877 [INFO] CrossReferenceDbSqlite:203 - Set database path to: C:\Users\User\.stmcufinder\plugins\mcufinder//mcu/cs/
2024-01-28 09:26:43,950 [INFO] MainPanel:264 - HeapMemory: 268435456
2024-01-28 09:26:44,026 [INFO] DbMcusXml:78 - Set database path to: C:\ST\STM32CubeIDE_1.14.0\STM32CubeIDE\plugins\com.st.stm32cube.common.mx_6.10.0.202311202037\\db\/mcu/
2024-01-28 09:26:44,026 [INFO] ApiDb:274 - Set plugin database path to: C:\ST\STM32CubeIDE_1.14.0\STM32CubeIDE\plugins\com.st.stm32cube.common.mx_6.10.0.202311202037\\db\/plugins/boardmanager/
2024-01-28 09:26:44,026 [INFO] ApiDb:261 - Set plugin images path to: C:\ST\STM32CubeIDE_1.14.0\STM32CubeIDE\plugins\com.st.stm32cube.common.mx_6.10.0.202311202037\\db\/plugins/mcufinder/images/
2024-01-28 09:26:44,027 [WARN] DbFile:41 - Overriding database path with different value: C:\Users\User\.stmcufinder\plugins\mcufinder/ => C:\Users\User\.stmcufinder\plugins\mcufinder
2024-01-28 09:26:44,027 [INFO] ApiDb:250 - Set database path to: C:\Users\User\.stmcufinder\plugins\mcufinder//mcu/
2024-01-28 09:26:44,027 [WARN] DbFile:41 - Overriding database path with different value: C:\Users\User\.stmcufinder\plugins\mcufinder/ => C:\Users\User\.stmcufinder\plugins\mcufinder
2024-01-28 09:26:44,027 [INFO] DbMcusAds:125 - Set database path to: C:\Users\User\.stmcufinder\plugins\mcufinder//mcu/
2024-01-28 09:26:44,027 [WARN] DbFile:41 - Overriding database path with different value: C:\Users\User\.stmcufinder\plugins\mcufinder/ => C:\Users\User\.stmcufinder\plugins\mcufinder
2024-01-28 09:26:44,027 [WARN] DbFile:41 - Overriding database path with different value: C:\Users\User\.stmcufinder\plugins\mcufinder/ => C:\Users\User\.stmcufinder\plugins\mcufinder
2024-01-28 09:26:44,027 [INFO] CrossReferenceDbSqlite:203 - Set database path to: C:\Users\User\.stmcufinder\plugins\mcufinder//mcu/cs/
2024-01-28 09:26:44,043 [INFO] ApplicationProperties:184 - Using Application install path: C:\ST\STM32CubeIDE_1.14.0\STM32CubeIDE\plugins\com.st.stm32cube.common.mx_6.10.0.202311202037
2024-01-28 09:26:44,044 [INFO] PluginManage:196 - Search for loadable plugins [exclusion list=, ]
2024-01-28 09:26:44,045 [INFO] PluginManage:310 - Check plugin analytics
2024-01-28 09:26:44,227 [INFO] AnalyticsPlugin:253 - Accepted Software Licenses: 
2024-01-28 09:26:44,227 [INFO] AnalyticsPlugin:255 - Accepted CMSIS Pack Licenses: 
2024-01-28 09:26:44,227 [INFO] AnalyticsPlugin:257 - Accepted Firmware Licenses: 
2024-01-28 09:26:44,230 [INFO] PluginManage:359 - Loaded plugin analytics (category:tool,tabindex:-1)
2024-01-28 09:26:44,230 [INFO] PluginManage:310 - Check plugin cadmodel
2024-01-28 09:26:44,233 [INFO] CADModel:105 - Init CAD model plugin
2024-01-28 09:26:44,234 [INFO] PluginManage:359 - Loaded plugin cadmodel (category:power,tabindex:5)
2024-01-28 09:26:44,234 [INFO] PluginManage:310 - Check plugin clock
2024-01-28 09:26:44,243 [INFO] PluginManage:359 - Loaded plugin clock (category:base,tabindex:2)
2024-01-28 09:26:44,243 [INFO] PluginManage:310 - Check plugin ddr
2024-01-28 09:26:44,245 [INFO] PluginManage:359 - Loaded plugin ddr (category:tool,tabindex:6)
2024-01-28 09:26:44,245 [INFO] PluginManage:310 - Check plugin filemanager
2024-01-28 09:26:44,386 [INFO] PluginManage:359 - Loaded plugin filemanager (category:base,tabindex:10)
2024-01-28 09:26:44,386 [INFO] PluginManage:310 - Check plugin ipmanager
2024-01-28 09:26:44,393 [INFO] PluginManage:359 - Loaded plugin ipmanager (category:base,tabindex:5)
2024-01-28 09:26:44,393 [INFO] PluginManage:310 - Check plugin lpbam
2024-01-28 09:26:44,401 [INFO] PluginManage:359 - Loaded plugin lpbam (category:base,tabindex:0)
2024-01-28 09:26:44,402 [INFO] PluginManage:310 - Check plugin memorymap
2024-01-28 09:26:44,412 [INFO] PluginManage:359 - Loaded plugin memorymap (category:base,tabindex:4)
2024-01-28 09:26:44,413 [INFO] PluginManage:310 - Check plugin pinoutandconfiguration
2024-01-28 09:26:44,423 [INFO] PluginManage:359 - Loaded plugin pinoutandconfiguration (category:base,tabindex:1)
2024-01-28 09:26:44,424 [INFO] PluginManage:310 - Check plugin pinoutconfig
2024-01-28 09:26:44,511 [WARN] SupportedApi:132 - Cannot load RTOS API schema: s4s-elt-must-match.1: The content of 'definitions' must match (annotation?, (simpleType | complexType)?, (unique | key | keyref)*)). A problem was found starting at: attribute.
2024-01-28 09:26:44,642 [INFO] PluginManage:359 - Loaded plugin pinoutconfig (category:base,tabindex:0)
2024-01-28 09:26:44,642 [INFO] PluginManage:310 - Check plugin power
2024-01-28 09:26:44,653 [INFO] PluginManage:359 - Loaded plugin power (category:power,tabindex:4)
2024-01-28 09:26:44,653 [INFO] PluginManage:310 - Check plugin projectmanager
2024-01-28 09:26:44,672 [INFO] PluginManage:359 - Loaded plugin projectmanager (category:projectmanager,tabindex:3)
2024-01-28 09:26:44,672 [INFO] PluginManage:310 - Check plugin thirdparty
2024-01-28 09:26:44,793 [INFO] PluginManage:359 - Loaded plugin thirdparty (category:base,tabindex:-1)
2024-01-28 09:26:44,793 [WARN] IntegrityCheckThread:84 - waiting for thirdparty lock release [integrity check]
2024-01-28 09:26:44,793 [INFO] PluginManage:310 - Check plugin tools
2024-01-28 09:26:44,793 [INFO] IntegrityCheckThread:86 - entering critical section [integrity check]
2024-01-28 09:26:44,794 [INFO] ThirdPartyUpdaterWithRetryManager:70 - Updater plugin not ready yet. [1/15]
2024-01-28 09:26:44,796 [INFO] PluginManage:359 - Loaded plugin tools (category:base,tabindex:7)
2024-01-28 09:26:44,796 [INFO] PluginManage:310 - Check plugin tutovideos
2024-01-28 09:26:44,937 [INFO] PluginManage:359 - Loaded plugin tutovideos (category:base,tabindex:-1)
2024-01-28 09:26:44,938 [INFO] PluginManage:310 - Check plugin updater
2024-01-28 09:26:44,947 [INFO] PluginManage:359 - Loaded plugin updater (category:base,tabindex:12)
2024-01-28 09:26:44,947 [INFO] PluginManage:310 - Check plugin userauth
2024-01-28 09:26:44,951 [INFO] UserAuth:114 - Init User Auth plugin
2024-01-28 09:26:44,952 [INFO] PluginManage:359 - Loaded plugin userauth (category:base,tabindex:14)
2024-01-28 09:26:44,952 [INFO] PluginManage:283 - PluginManage : Loaded plugins [17]
2024-01-28 09:26:45,173 [INFO] PinOutPanel:1499 - setPackage(No Configuration,No Configuration)
2024-01-28 09:26:45,235 [INFO] CADModel:165 - CPN selected for project level
2024-01-28 09:26:45,235 [INFO] CADModel:114 - Register for checkConnection events
2024-01-28 09:26:45,248 [INFO] IPUIPlugin:80 - create IPUIPlugin
2024-01-28 09:26:45,248 [INFO] PluginManager:220 - loadIPPluginJar : add adc
2024-01-28 09:26:45,250 [INFO] IPUIPlugin:80 - create IPUIPlugin
2024-01-28 09:26:45,250 [INFO] PluginManager:220 - loadIPPluginJar : add aes
2024-01-28 09:26:45,252 [INFO] IPUIPlugin:80 - create IPUIPlugin
2024-01-28 09:26:45,252 [INFO] PluginManager:220 - loadIPPluginJar : add can
2024-01-28 09:26:45,253 [INFO] IPUIPlugin:80 - create IPUIPlugin
2024-01-28 09:26:45,253 [INFO] PluginManager:220 - loadIPPluginJar : add comp
2024-01-28 09:26:45,255 [INFO] IPUIPlugin:80 - create IPUIPlugin
2024-01-28 09:26:45,255 [INFO] PluginManager:220 - loadIPPluginJar : add cryp
2024-01-28 09:26:45,257 [INFO] IPUIPlugin:80 - create IPUIPlugin
2024-01-28 09:26:45,258 [INFO] PluginManager:220 - loadIPPluginJar : add dfsdm
2024-01-28 09:26:45,262 [INFO] IPUIPlugin:80 - create IPUIPlugin
2024-01-28 09:26:45,263 [INFO] PluginManager:220 - loadIPPluginJar : add dma
2024-01-28 09:26:45,265 [INFO] IPUIPlugin:80 - create IPUIPlugin
2024-01-28 09:26:45,265 [INFO] PluginManager:220 - loadIPPluginJar : add dma3
2024-01-28 09:26:45,266 [INFO] IPUIPlugin:80 - create IPUIPlugin
2024-01-28 09:26:45,266 [INFO] PluginManager:220 - loadIPPluginJar : add fatfs
2024-01-28 09:26:45,270 [INFO] IPUIPlugin:80 - create IPUIPlugin
2024-01-28 09:26:45,270 [INFO] PluginManager:220 - loadIPPluginJar : add fmc
2024-01-28 09:26:45,275 [INFO] IPUIPlugin:80 - create IPUIPlugin
2024-01-28 09:26:45,275 [INFO] PluginManager:220 - loadIPPluginJar : add freertos
2024-01-28 09:26:45,277 [INFO] IPUIPlugin:80 - create IPUIPlugin
2024-01-28 09:26:45,277 [INFO] PluginManager:220 - loadIPPluginJar : add genericplugin
2024-01-28 09:26:45,278 [INFO] IPUIPlugin:80 - create IPUIPlugin
2024-01-28 09:26:45,279 [INFO] PluginManager:220 - loadIPPluginJar : add gfxmmu
2024-01-28 09:26:45,282 [INFO] IPUIPlugin:80 - create IPUIPlugin
2024-01-28 09:26:45,282 [INFO] PluginManager:220 - loadIPPluginJar : add gic
2024-01-28 09:26:45,285 [INFO] IPUIPlugin:80 - create IPUIPlugin
2024-01-28 09:26:45,285 [INFO] PluginManager:220 - loadIPPluginJar : add gpio
2024-01-28 09:26:45,288 [INFO] IPUIPlugin:80 - create IPUIPlugin
2024-01-28 09:26:45,288 [INFO] PluginManager:220 - loadIPPluginJar : add gtzc
2024-01-28 09:26:45,290 [INFO] IPUIPlugin:80 - create IPUIPlugin
2024-01-28 09:26:45,290 [INFO] PluginManager:220 - loadIPPluginJar : add hash
2024-01-28 09:26:45,293 [INFO] IPUIPlugin:80 - create IPUIPlugin
2024-01-28 09:26:45,293 [INFO] PluginManager:220 - loadIPPluginJar : add i2c
2024-01-28 09:26:45,294 [INFO] IPUIPlugin:80 - create IPUIPlugin
2024-01-28 09:26:45,294 [INFO] PluginManager:220 - loadIPPluginJar : add i2s
2024-01-28 09:26:45,296 [INFO] IPUIPlugin:80 - create IPUIPlugin
2024-01-28 09:26:45,296 [INFO] PluginManager:220 - loadIPPluginJar : add i3c
2024-01-28 09:26:45,299 [INFO] IPUIPlugin:80 - create IPUIPlugin
2024-01-28 09:26:45,299 [INFO] PluginManager:220 - loadIPPluginJar : add ipddr
2024-01-28 09:26:45,304 [INFO] IPUIPlugin:80 - create IPUIPlugin
2024-01-28 09:26:45,304 [INFO] PluginManager:220 - loadIPPluginJar : add linkedlist
2024-01-28 09:26:45,307 [INFO] IPUIPlugin:80 - create IPUIPlugin
2024-01-28 09:26:45,307 [INFO] PluginManager:220 - loadIPPluginJar : add lorawan
2024-01-28 09:26:45,308 [INFO] IPUIPlugin:80 - create IPUIPlugin
2024-01-28 09:26:45,309 [INFO] PluginManager:220 - loadIPPluginJar : add ltdc
2024-01-28 09:26:45,313 [INFO] IPUIPlugin:80 - create IPUIPlugin
2024-01-28 09:26:45,313 [INFO] PluginManager:220 - loadIPPluginJar : add mdma
2024-01-28 09:26:45,316 [INFO] IPUIPlugin:80 - create IPUIPlugin
2024-01-28 09:26:45,316 [INFO] PluginManager:220 - loadIPPluginJar : add nvic
2024-01-28 09:26:45,318 [INFO] IPUIPlugin:80 - create IPUIPlugin
2024-01-28 09:26:45,319 [INFO] PluginManager:220 - loadIPPluginJar : add opamp
2024-01-28 09:26:45,321 [INFO] IPUIPlugin:80 - create IPUIPlugin
2024-01-28 09:26:45,321 [INFO] PluginManager:220 - loadIPPluginJar : add openamp
2024-01-28 09:26:45,324 [INFO] IPUIPlugin:80 - create IPUIPlugin
2024-01-28 09:26:45,325 [INFO] PluginManager:220 - loadIPPluginJar : add pdm2pcm
2024-01-28 09:26:45,331 [INFO] IPUIPlugin:80 - create IPUIPlugin
2024-01-28 09:26:45,334 [INFO] PluginManager:220 - loadIPPluginJar : add plateformsettings
2024-01-28 09:26:45,335 [INFO] IPUIPlugin:80 - create IPUIPlugin
2024-01-28 09:26:45,336 [INFO] PluginManager:220 - loadIPPluginJar : add quadspi
2024-01-28 09:26:45,338 [INFO] IPUIPlugin:80 - create IPUIPlugin
2024-01-28 09:26:45,338 [INFO] PluginManager:220 - loadIPPluginJar : add resmgrutility
2024-01-28 09:26:45,341 [INFO] IPUIPlugin:80 - create IPUIPlugin
2024-01-28 09:26:45,341 [INFO] PluginManager:220 - loadIPPluginJar : add sai
2024-01-28 09:26:45,344 [INFO] IPUIPlugin:80 - create IPUIPlugin
2024-01-28 09:26:45,344 [INFO] PluginManager:220 - loadIPPluginJar : add spi
2024-01-28 09:26:45,349 [INFO] IPUIPlugin:80 - create IPUIPlugin
2024-01-28 09:26:45,349 [INFO] PluginManager:220 - loadIPPluginJar : add stm32_wpan
2024-01-28 09:26:45,351 [INFO] IPUIPlugin:80 - create IPUIPlugin
2024-01-28 09:26:45,351 [INFO] PluginManager:220 - loadIPPluginJar : add tim
2024-01-28 09:26:45,354 [INFO] IPUIPlugin:80 - create IPUIPlugin
2024-01-28 09:26:45,354 [INFO] PluginManager:220 - loadIPPluginJar : add touchsensing
2024-01-28 09:26:45,356 [INFO] IPUIPlugin:80 - create IPUIPlugin
2024-01-28 09:26:45,356 [INFO] PluginManager:220 - loadIPPluginJar : add tracer_emb
2024-01-28 09:26:45,359 [INFO] IPUIPlugin:80 - create IPUIPlugin
2024-01-28 09:26:45,359 [INFO] PluginManager:220 - loadIPPluginJar : add ts
2024-01-28 09:26:45,362 [INFO] IPUIPlugin:80 - create IPUIPlugin
2024-01-28 09:26:45,362 [INFO] PluginManager:220 - loadIPPluginJar : add tsc
2024-01-28 09:26:45,365 [INFO] IPUIPlugin:80 - create IPUIPlugin
2024-01-28 09:26:45,365 [INFO] PluginManager:220 - loadIPPluginJar : add ucpd
2024-01-28 09:26:45,367 [INFO] IPUIPlugin:80 - create IPUIPlugin
2024-01-28 09:26:45,367 [INFO] PluginManager:220 - loadIPPluginJar : add usart
2024-01-28 09:26:45,370 [INFO] IPUIPlugin:80 - create IPUIPlugin
2024-01-28 09:26:45,370 [INFO] PluginManager:220 - loadIPPluginJar : add usbx
2024-01-28 09:26:45,501 [INFO] CADModel:165 - CPN selected for project level
2024-01-28 09:26:45,501 [INFO] CADModel:114 - Register for checkConnection events
2024-01-28 09:26:45,501 [FATAL] Updater:308 - Updater called before beeing initialized
2024-01-28 09:26:45,501 [ERROR] CADModel:125 - Updater not yet initialized, retry later 
2024-01-28 09:26:45,637 [INFO] CADModel:165 - CPN selected for project level
2024-01-28 09:26:45,637 [INFO] CADModel:114 - Register for checkConnection events
2024-01-28 09:26:45,637 [FATAL] Updater:308 - Updater called before beeing initialized
2024-01-28 09:26:45,637 [ERROR] CADModel:125 - Updater not yet initialized, retry later 
2024-01-28 09:26:45,640 [FATAL] Updater:308 - Updater called before beeing initialized
2024-01-28 09:26:45,750 [FATAL] Updater:308 - Updater called before beeing initialized
2024-01-28 09:26:45,754 [INFO] DbMcusAds:53 - JSON generation date=Wed Nov 29 18:52:27 SGT 2023 (1701255147200)
2024-01-28 09:26:45,754 [FATAL] Updater:308 - Updater called before beeing initialized
2024-01-28 09:26:45,788 [WARN] DetailPanel:346 - Failed to get advertising image, set to default
2024-01-28 09:26:45,881 [FATAL] Updater:308 - Updater called before beeing initialized
2024-01-28 09:26:45,882 [FATAL] Updater:308 - Updater called before beeing initialized
2024-01-28 09:26:45,882 [FATAL] Updater:308 - Updater called before beeing initialized
2024-01-28 09:26:45,882 [WARN] DetailPanel:346 - Failed to get advertising image, set to default
2024-01-28 09:26:45,883 [FATAL] Updater:308 - Updater called before beeing initialized
2024-01-28 09:26:45,933 [ERROR] Updater:1120 - MainUpdater not yet initialized. External WinMGr cannot be set.
2024-01-28 09:26:45,934 [INFO] Updater:1056 - Updater Version found : 6.10.0
2024-01-28 09:26:45,949 [INFO] ApplicationProperties:184 - Using Application install path: C:\ST\STM32CubeIDE_1.14.0\STM32CubeIDE\plugins\com.st.stm32cube.common.mx_6.10.0.202311202037
2024-01-28 09:26:47,524 [ERROR] LogOutputStream:75 - [STDERR_REDIRECT] Jan 28, 2024 9:26:47 AM java.util.prefs.WindowsPreferences <init>
2024-01-28 09:26:47,525 [ERROR] LogOutputStream:75 - [STDERR_REDIRECT] WARNING: Could not open/create prefs root node Software\JavaSoft\Prefs at root 0xffffffff80000002. Windows RegCreateKeyEx(...) returned error code 5.
2024-01-28 09:26:47,526 [ERROR] LogOutputStream:75 - [STDERR_REDIRECT] 
2024-01-28 09:26:47,796 [INFO] ThirdPartyUpdaterWithRetryManager:70 - Updater plugin not ready yet. [2/15]
2024-01-28 09:26:47,971 [INFO] RetryExec:97 - I/O exception (java.net.SocketException) caught when processing request to {s}->https://sw-center.st.com:443: Connection reset by peer
2024-01-28 09:26:47,972 [INFO] RetryExec:113 - Retrying request to {s}->https://sw-center.st.com:443
2024-01-28 09:26:47,982 [INFO] RetryExec:97 - I/O exception (java.net.SocketException) caught when processing request to {s}->https://sw-center.st.com:443: Connection reset by peer
2024-01-28 09:26:47,982 [INFO] RetryExec:113 - Retrying request to {s}->https://sw-center.st.com:443
2024-01-28 09:26:47,993 [INFO] RetryExec:97 - I/O exception (java.net.SocketException) caught when processing request to {s}->https://sw-center.st.com:443: Connection reset
2024-01-28 09:26:47,993 [INFO] RetryExec:113 - Retrying request to {s}->https://sw-center.st.com:443
2024-01-28 09:26:48,006 [INFO] MainUpdater:2873 - connection check result : 22
2024-01-28 09:26:48,007 [INFO] MainUpdater:290 - Updater Check For Update Now.
2024-01-28 09:26:48,007 [INFO] MicroXplorer:498 - Change Database Version : DB.6.0.100
2024-01-28 09:26:48,018 [INFO] McuFinderGlobals:63 - Set McuFinder mode to 2 (CubeIDE integrated)
2024-01-28 09:26:48,027 [INFO] UserAuth:404 - Internet connection configuration mode: 2
2024-01-28 09:26:48,187 [INFO] CheckServerUpdateThread:120 - End of CheckServer Thread
2024-01-28 09:26:50,967 [WARN] PackLoader:240 - Cannot read IP mode file for STMicroelectronics.X-CUBE-SMBUS.2.1.0
2024-01-28 09:26:50,979 [WARN] PackLoader:240 - Cannot read IP mode file for STMicroelectronics.X-CUBE-TOUCHGFX.4.23.0
2024-01-28 09:26:51,022 [WARN] PackLoader:240 - Cannot read IP mode file for STMicroelectronics.X-CUBE-AZRTOS-F7.1.1.0
2024-01-28 09:26:51,036 [WARN] PackLoader:240 - Cannot read IP mode file for STMicroelectronics.FP-SNS-MOTENV1.4.3.2
2024-01-28 09:26:51,053 [WARN] PackLoader:240 - Cannot read IP mode file for STMicroelectronics.FP-SNS-FLIGHT1.5.0.2
2024-01-28 09:26:51,070 [WARN] PackLoader:240 - Cannot read IP mode file for STMicroelectronics.X-CUBE-DISPLAY.3.0.0
2024-01-28 09:26:51,084 [WARN] PackLoader:240 - Cannot read IP mode file for STMicroelectronics.X-CUBE-BLE1.7.0.0
2024-01-28 09:26:51,090 [WARN] PackLoader:240 - Cannot read IP mode file for emotas.I-CUBE-CANOPEN.1.3.0
2024-01-28 09:26:51,093 [WARN] PackLoader:240 - Cannot read IP mode file for STMicroelectronics.X-CUBE-TOUCHGFX.4.22.1
2024-01-28 09:26:51,097 [WARN] PackLoader:240 - Cannot read IP mode file for STMicroelectronics.FP-SNS-SMARTAG2.1.2.0
2024-01-28 09:26:51,109 [INFO] LogOutputStream:77 - [STDOUT_REDIRECT] 1 : Invalid condition id : UX_CORESTACK_Condition cause : null
2024-01-28 09:26:51,109 [INFO] LogOutputStream:77 - [STDOUT_REDIRECT] 1 : Invalid condition id : UX_CORESTACK_Condition cause : null
2024-01-28 09:26:51,110 [INFO] LogOutputStream:77 - [STDOUT_REDIRECT] 1 : Invalid condition id : UX_CORESTACK_Condition cause : null
2024-01-28 09:26:51,111 [INFO] LogOutputStream:77 - [STDOUT_REDIRECT] 1 : Invalid condition id : UX_CORESTACK_Condition cause : null
2024-01-28 09:26:51,112 [INFO] LogOutputStream:77 - [STDOUT_REDIRECT] 1 : Invalid condition id : UX_CORESTACK_Condition cause : null
2024-01-28 09:26:51,116 [WARN] PackLoader:240 - Cannot read IP mode file for STMicroelectronics.X-CUBE-AZRTOS-WL.2.0.0
2024-01-28 09:26:51,125 [WARN] PackLoader:240 - Cannot read IP mode file for WES.I-CUBE-Cesium.1.3.0
2024-01-28 09:26:51,130 [WARN] PackLoader:240 - Cannot read IP mode file for STMicroelectronics.X-CUBE-BLE2.3.3.0
2024-01-28 09:26:51,136 [WARN] PackLoader:240 - Cannot read IP mode file for STMicroelectronics.X-CUBE-ALGOBUILD.1.3.0
2024-01-28 09:26:51,151 [WARN] PackLoader:240 - Cannot read IP mode file for STMicroelectronics.X-CUBE-AZRTOS-G0.1.1.0
2024-01-28 09:26:51,158 [WARN] PackLoader:240 - Cannot read IP mode file for STMicroelectronics.X-CUBE-NFC4.3.0.0
2024-01-28 09:26:51,168 [WARN] PackLoader:240 - Cannot read IP mode file for STMicroelectronics.X-CUBE-BLEMGR.3.0.0
2024-01-28 09:26:51,174 [WARN] PackLoader:240 - Cannot read IP mode file for STMicroelectronics.FP-ATR-SIGFOX1.3.2.0
2024-01-28 09:26:51,179 [WARN] PackLoader:240 - Cannot read IP mode file for STMicroelectronics.X-CUBE-EEPRMA1.5.1.0
2024-01-28 09:26:51,209 [WARN] PackLoader:240 - Cannot read IP mode file for SEGGER.I-CUBE-embOS.1.3.1
2024-01-28 09:26:51,242 [WARN] PackLoader:240 - Cannot read IP mode file for STMicroelectronics.X-CUBE-GNSS1.6.0.0
2024-01-28 09:26:51,260 [WARN] PackLoader:240 - Cannot read IP mode file for STMicroelectronics.X-CUBE-AZRTOS-F4.1.1.0
2024-01-28 09:26:51,267 [WARN] PackLoader:240 - Cannot read IP mode file for wolfSSL.I-CUBE-wolfSSL.5.6.4
2024-01-28 09:26:51,293 [WARN] PackLoader:240 - Cannot read IP mode file for STMicroelectronics.X-CUBE-AZRTOS-L5.2.0.0
2024-01-28 09:26:51,299 [WARN] PackLoader:240 - Cannot read IP mode file for STMicroelectronics.X-CUBE-EEPRMA1.4.2.0
2024-01-28 09:26:51,304 [WARN] PackLoader:240 - Cannot read IP mode file for ITTIA_DB.I-CUBE-ITTIADB.8.8.0
2024-01-28 09:26:51,319 [WARN] ConditionMgr:438 - getConditionDescription Invalid condition id : UX DEVICE CLASS RTOS Condition cause : null
2024-01-28 09:26:51,320 [WARN] ConditionMgr:438 - getConditionDescription Invalid condition id : UX DEVICE CLASS RTOS Condition cause : null
2024-01-28 09:26:51,322 [WARN] PackLoader:240 - Cannot read IP mode file for STMicroelectronics.X-CUBE-AZRTOS-H7.3.1.0
2024-01-28 09:26:51,323 [WARN] ConditionMgr:1039 - genDependencies : Invalid condition id : UX DEVICE CLASS RTOS Condition cause : null
2024-01-28 09:26:51,323 [WARN] ConditionMgr:1039 - genDependencies : Invalid condition id : UX DEVICE CLASS RTOS Condition cause : null
2024-01-28 09:26:51,324 [WARN] ConditionMgr:1039 - genDependencies : Invalid condition id : UX DEVICE CLASS RTOS Condition cause : null
2024-01-28 09:26:51,324 [WARN] ConditionMgr:1039 - genDependencies : Invalid condition id : UX DEVICE CLASS RTOS Condition cause : null
2024-01-28 09:26:51,324 [WARN] ConditionMgr:1039 - genDependencies : Invalid condition id : UX DEVICE CLASS RTOS Condition cause : null
2024-01-28 09:26:51,328 [WARN] PackLoader:240 - Cannot read IP mode file for STMicroelectronics.X-CUBE-NFC7.1.0.1
2024-01-28 09:26:51,334 [WARN] PackLoader:240 - Cannot read IP mode file for STMicroelectronics.X-CUBE-NFC6.3.0.0
2024-01-28 09:26:51,338 [WARN] PackLoader:240 - Cannot read IP mode file for STMicroelectronics.X-CUBE-AI.8.1.0
2024-01-28 09:26:51,355 [WARN] ConditionMgr:438 - getConditionDescription Invalid condition id : LAN8742 Phy interface Condition cause : null
2024-01-28 09:26:51,356 [WARN] PackLoader:240 - Cannot read IP mode file for STMicroelectronics.X-CUBE-AZRTOS-L4.2.0.0
2024-01-28 09:26:51,357 [WARN] ConditionMgr:1039 - genDependencies : Invalid condition id : LAN8742 Phy interface Condition cause : null
2024-01-28 09:26:51,357 [WARN] ConditionMgr:1039 - genDependencies : Invalid condition id : LAN8742 Phy interface Condition cause : null
2024-01-28 09:26:51,357 [WARN] ConditionMgr:1039 - genDependencies : Invalid condition id : LAN8742 Phy interface Condition cause : null
2024-01-28 09:26:51,363 [WARN] PackLoader:240 - Cannot read IP mode file for STMicroelectronics.X-CUBE-SFXS2LP1.4.0.0
2024-01-28 09:26:51,368 [WARN] PackLoader:240 - Cannot read IP mode file for STMicroelectronics.X-CUBE-ISPU.1.1.0
2024-01-28 09:26:51,380 [WARN] ConditionMgr:438 - getConditionDescription Invalid condition id : UX DEVICE CLASS RTOS Condition cause : null
2024-01-28 09:26:51,380 [WARN] ConditionMgr:438 - getConditionDescription Invalid condition id : UX DEVICE CLASS RTOS Condition cause : null
2024-01-28 09:26:51,383 [WARN] PackLoader:240 - Cannot read IP mode file for STMicroelectronics.X-CUBE-AZRTOS-WB.2.0.0
2024-01-28 09:26:51,384 [WARN] ConditionMgr:1039 - genDependencies : Invalid condition id : UX DEVICE CLASS RTOS Condition cause : null
2024-01-28 09:26:51,384 [WARN] ConditionMgr:1039 - genDependencies : Invalid condition id : UX DEVICE CLASS RTOS Condition cause : null
2024-01-28 09:26:51,385 [WARN] ConditionMgr:1039 - genDependencies : Invalid condition id : UX DEVICE CLASS RTOS Condition cause : null
2024-01-28 09:26:51,385 [WARN] ConditionMgr:1039 - genDependencies : Invalid condition id : UX DEVICE CLASS RTOS Condition cause : null
2024-01-28 09:26:51,385 [WARN] ConditionMgr:1039 - genDependencies : Invalid condition id : UX DEVICE CLASS RTOS Condition cause : null
2024-01-28 09:26:51,398 [WARN] PackLoader:240 - Cannot read IP mode file for STMicroelectronics.X-CUBE-SUBG2.5.0.0
2024-01-28 09:26:51,431 [WARN] PackLoader:240 - Cannot read IP mode file for STMicroelectronics.X-CUBE-AZRTOS-G4.2.0.0
2024-01-28 09:26:51,447 [WARN] PackLoader:240 - Cannot read IP mode file for Infineon.AIROC-Wi-Fi-Bluetooth-STM32.1.5.1
2024-01-28 09:26:51,456 [WARN] PackLoader:240 - Cannot read IP mode file for STMicroelectronics.FP-SNS-MOTENVWB1.1.3.0
2024-01-28 09:26:51,462 [WARN] PackLoader:240 - Cannot read IP mode file for STMicroelectronics.FP-SNS-MOTENVWB1.1.3.1
2024-01-28 09:26:51,473 [WARN] PackLoader:240 - Cannot read IP mode file for STMicroelectronics.X-CUBE-ISPU.2.0.0
2024-01-28 09:26:51,510 [WARN] PackLoader:240 - Cannot read IP mode file for STMicroelectronics.X-CUBE-MEMS1.10.0.0
2024-01-28 09:26:51,623 [WARN] PackLoader:240 - Cannot read IP mode file for STMicroelectronics.X-CUBE-FREERTOS.1.1.0
2024-01-28 09:26:51,627 [WARN] PackLoader:240 - Cannot read IP mode file for portGmbH.I-Cube-SoM-uGOAL.1.1.0
2024-01-28 09:26:51,630 [WARN] PackLoader:240 - Cannot read IP mode file for STMicroelectronics.X-CUBE-ALS.1.0.1
2024-01-28 09:26:51,634 [WARN] PackLoader:240 - Cannot read IP mode file for STMicroelectronics.FP-ATR-ASTRA1.2.0.0
2024-01-28 09:26:51,646 [WARN] PackLoader:240 - Cannot read IP mode file for STMicroelectronics.X-CUBE-TOF1.3.4.0
2024-01-28 09:26:51,671 [WARN] PackLoader:240 - Cannot read IP mode file for STMicroelectronics.X-CUBE-AZRTOS-H7.3.2.0
2024-01-28 09:26:51,673 [INFO] ThirdParty:978 - Integrity check success = true
2024-01-28 09:26:51,673 [INFO] IntegrityCheckThread:100 - exiting critical section [integrity check]
2024-01-28 09:26:51,673 [INFO] IntegrityCheckThread:103 - End integrity checks thread
2024-01-28 09:27:03,479 [ERROR] LogOutputStream:75 - [STDERR_REDIRECT] SLF4J: Failed to load class "org.slf4j.impl.StaticLoggerBinder".
2024-01-28 09:27:03,481 [ERROR] LogOutputStream:75 - [STDERR_REDIRECT] SLF4J: Defaulting to no-operation (NOP) logger implementation
2024-01-28 09:27:03,482 [ERROR] LogOutputStream:75 - [STDERR_REDIRECT] SLF4J: See http://www.slf4j.org/codes.html#StaticLoggerBinder for further details.
